<?xml version="1.0" encoding="UTF-8"?>
<!-- Generated by org.testng.reporters.JUnitReportReporter -->
<testsuite hostname="LAPTOP-M5SGUT72" failures="0" tests="2" name="testngPractice.GroupsPractice" time="0.003" errors="0" timestamp="2022-12-01T22:19:21 IST" skipped="0">
  <testcase classname="testngPractice.GroupsPractice" name="test1" time="0.003"/>
  <system-out/>
  <testcase classname="testngPractice.GroupsPractice" name="test2" time="0.000"/>
  <system-out/>
</testsuite> <!-- testngPractice.GroupsPractice -->
