<?xml version="1.0" encoding="UTF-8"?>
<!-- Generated by org.testng.reporters.JUnitReportReporter -->
<testsuite hostname="KarthicCJ" failures="0" tests="1" name="GpOne.ArtiFactMaven.LoginTest" time="0.014" errors="0" timestamp="2022-09-17T16:24:33 IST" skipped="0">
  <testcase classname="GpOne.ArtiFactMaven.LoginTest" name="test" time="0.014"/>
  <system-out/>
</testsuite> <!-- GpOne.ArtiFactMaven.LoginTest -->
