<?xml version="1.0" encoding="UTF-8"?>
<!-- Generated by org.testng.reporters.JUnitReportReporter -->
<testsuite hostname="LAPTOP-M5SGUT72" failures="0" tests="1" name="testngPractice.VariableSharing" time="0.001" errors="0" timestamp="2022-12-09T17:46:04 IST" skipped="0">
  <testcase classname="testngPractice.VariableSharing" name="testVOne" time="0.001"/>
  <system-out/>
</testsuite> <!-- testngPractice.VariableSharing -->
