<?xml version="1.0" encoding="UTF-8"?>
<!-- Generated by org.testng.reporters.JUnitReportReporter -->
<testsuite hostname="LAPTOP-M5SGUT72" failures="0" tests="1" name="GpOne.ArtiFactMaven.LoginTest" time="9.673" errors="0" timestamp="2022-09-18T12:22:24 IST" skipped="0">
  <testcase classname="GpOne.ArtiFactMaven.LoginTest" name="main" time="9.673"/>
  <system-out/>
</testsuite> <!-- GpOne.ArtiFactMaven.LoginTest -->
