<?xml version="1.0" encoding="UTF-8"?>
<!-- Generated by org.testng.reporters.JUnitReportReporter -->
<testsuite hostname="LAPTOP-M5SGUT72" failures="0" tests="6" name="parallel.ParallelClass2" time="0.004" errors="0" timestamp="2022-12-01T21:41:21 IST" skipped="0">
  <testcase classname="parallel.ParallelClass2" name="testP2Two" time="0.000"/>
  <system-out/>
  <testcase classname="parallel.ParallelClass2" name="testP2Two" time="0.000"/>
  <system-out/>
  <testcase classname="parallel.ParallelClass2" name="testP2Three" time="0.001"/>
  <system-out/>
  <testcase classname="parallel.ParallelClass2" name="testP2Three" time="0.002"/>
  <system-out/>
  <testcase classname="parallel.ParallelClass2" name="testP2One" time="0.001"/>
  <system-out/>
  <testcase classname="parallel.ParallelClass2" name="testP2One" time="0.000"/>
  <system-out/>
</testsuite> <!-- parallel.ParallelClass2 -->
