<?xml version="1.0" encoding="UTF-8"?>
<!-- Generated by org.testng.reporters.JUnitReportReporter -->
<testsuite hostname="LAPTOP-M5SGUT72" failures="0" tests="6" name="parallel.ParallelClass1" time="0.003" errors="0" timestamp="2022-12-01T21:41:21 IST" skipped="0">
  <testcase classname="parallel.ParallelClass1" name="testPOne" time="0.000"/>
  <system-out/>
  <testcase classname="parallel.ParallelClass1" name="testPThree" time="0.001"/>
  <system-out/>
  <testcase classname="parallel.ParallelClass1" name="testPThree" time="0.000"/>
  <system-out/>
  <testcase classname="parallel.ParallelClass1" name="testPTwo" time="0.001"/>
  <system-out/>
  <testcase classname="parallel.ParallelClass1" name="testPTwo" time="0.001"/>
  <system-out/>
  <testcase classname="parallel.ParallelClass1" name="testPOne" time="0.000"/>
  <system-out/>
</testsuite> <!-- parallel.ParallelClass1 -->
