<?xml version="1.0" encoding="UTF-8"?>
<!-- Generated by org.testng.reporters.JUnitReportReporter -->
<testsuite hostname="LAPTOP-M5SGUT72" failures="0" tests="6" name="testngPractice.Attributes" time="1.014" errors="0" timestamp="2022-12-09T17:46:04 IST" skipped="0">
  <testcase classname="testngPractice.Attributes" name="testA1" time="0.001"/>
  <system-out/>
  <testcase classname="testngPractice.Attributes" name="testA2" time="1.012"/>
  <system-out/>
  <testcase classname="testngPractice.Attributes" name="testA" time="0.000"/>
  <system-out/>
  <testcase classname="testngPractice.Attributes" name="testA1" time="0.000"/>
  <system-out/>
  <testcase classname="testngPractice.Attributes" name="testA1" time="0.001"/>
  <system-out/>
  <testcase classname="testngPractice.Attributes" name="testA" time="0.000"/>
  <system-out/>
</testsuite> <!-- testngPractice.Attributes -->
