<?xml version="1.0" encoding="UTF-8"?>
<!-- Generated by org.testng.reporters.JUnitReportReporter -->
<testsuite hostname="LAPTOP-M5SGUT72" failures="0" tests="1" name="testngPractice.ParametirzationEg" time="0.005" errors="0" timestamp="2022-12-09T17:44:21 IST" skipped="0">
  <testcase classname="testngPractice.ParametirzationEg" name="pTest" time="0.005"/>
  <system-out/>
</testsuite> <!-- testngPractice.ParametirzationEg -->
