<?xml version="1.0" encoding="UTF-8"?>
<!-- Generated by org.testng.reporters.JUnitReportReporter -->
<testsuite hostname="LAPTOP-M5SGUT72" failures="0" tests="2" name="testngPractice.GroupsPractice" time="0.005" errors="0" timestamp="2022-12-01T22:18:38 IST" skipped="0">
  <testcase classname="testngPractice.GroupsPractice" name="test2" time="0.001"/>
  <system-out/>
  <testcase classname="testngPractice.GroupsPractice" name="test1" time="0.004"/>
  <system-out/>
</testsuite> <!-- testngPractice.GroupsPractice -->
